<?xml version="1.0" encoding="UTF-8"?>
<!-- Generated by org.testng.reporters.JUnitXMLReporter -->
<testsuite ignored="0" hostname="LP387" failures="0" tests="9" name="Verify logo presence" time="99.391" errors="0" timestamp="21 May 2024 14:09:30 GMT">
  <testcase classname="com.sample.tests.NegativeTest" name="checkMissingPhoneNum" time="5.577"/>
  <testcase classname="com.sample.tests.PositiveTest" name="testPizzaType" time="13.881"/>
  <testcase classname="com.sample.tests.PositiveTest" name="testPizzaType" time="13.403"/>
  <testcase classname="com.sample.tests.PositiveTest" name="testPizzaType" time="13.181"/>
  <testcase classname="com.sample.tests.PositiveTest" name="testPizzaType" time="13.263"/>
  <testcase classname="com.sample.tests.PositiveTest" name="testPizzaType" time="13.132"/>
  <testcase classname="com.sample.tests.NegativeTest" name="checkMissingName" time="5.34"/>
  <testcase classname="com.sample.tests.NegativeTest" name="checkInvalidqty" time="5.165"/>
  <testcase classname="com.sample.tests.NegativeTest" name="checkresetbtn" time="7.639"/>
</testsuite> <!-- Verify logo presence -->
