<?xml version="1.0" encoding="UTF-8"?>
<testng-results ignored="0" total="9" passed="9" failed="0" skipped="0">
  <reporter-output>
  </reporter-output>
  <suite started-at="2024-05-21T14:07:51Z" name="Pizza Test" finished-at="2024-05-21T14:09:30Z" duration-ms="99391">
    <groups>
    </groups>
    <test started-at="2024-05-21T14:07:51Z" name="Verify logo presence" finished-at="2024-05-21T14:09:30Z" duration-ms="99391">
      <class name="com.sample.tests.NegativeTest">
        <test-method is-config="true" signature="init()[pri:0, instance:com.sample.tests.NegativeTest@34b7ac2f]" started-at="2024-05-21T14:07:51Z" name="init" finished-at="2024-05-21T14:07:55Z" duration-ms="4115" status="PASS">
          <reporter-output>
          </reporter-output>
        </test-method> <!-- init -->
        <test-method signature="checkMissingPhoneNum()[pri:1, instance:com.sample.tests.NegativeTest@34b7ac2f]" started-at="2024-05-21T14:07:55Z" name="checkMissingPhoneNum" finished-at="2024-05-21T14:08:00Z" duration-ms="5577" status="PASS">
          <reporter-output>
          </reporter-output>
        </test-method> <!-- checkMissingPhoneNum -->
        <test-method signature="checkMissingName()[pri:2, instance:com.sample.tests.NegativeTest@34b7ac2f]" started-at="2024-05-21T14:09:11Z" name="checkMissingName" finished-at="2024-05-21T14:09:17Z" duration-ms="5340" status="PASS">
          <reporter-output>
          </reporter-output>
        </test-method> <!-- checkMissingName -->
        <test-method signature="checkInvalidqty()[pri:3, instance:com.sample.tests.NegativeTest@34b7ac2f]" started-at="2024-05-21T14:09:17Z" name="checkInvalidqty" finished-at="2024-05-21T14:09:22Z" duration-ms="5165" status="PASS">
          <reporter-output>
          </reporter-output>
        </test-method> <!-- checkInvalidqty -->
        <test-method signature="checkresetbtn()[pri:4, instance:com.sample.tests.NegativeTest@34b7ac2f]" started-at="2024-05-21T14:09:22Z" name="checkresetbtn" finished-at="2024-05-21T14:09:30Z" duration-ms="7639" status="PASS">
          <reporter-output>
          </reporter-output>
        </test-method> <!-- checkresetbtn -->
        <test-method is-config="true" signature="tearDown()[pri:0, instance:com.sample.tests.NegativeTest@34b7ac2f]" started-at="2024-05-21T14:09:30Z" name="tearDown" finished-at="2024-05-21T14:09:30Z" duration-ms="412" status="PASS">
          <reporter-output>
          </reporter-output>
        </test-method> <!-- tearDown -->
      </class> <!-- com.sample.tests.NegativeTest -->
      <class name="com.sample.tests.PositiveTest">
        <test-method is-config="true" signature="init()[pri:0, instance:com.sample.tests.PositiveTest@e056f20]" started-at="2024-05-21T14:08:00Z" name="init" finished-at="2024-05-21T14:08:04Z" duration-ms="3804" status="PASS">
          <reporter-output>
          </reporter-output>
        </test-method> <!-- init -->
        <test-method signature="testPizzaType(java.lang.String, java.lang.Double)[pri:1, instance:com.sample.tests.PositiveTest@e056f20]" started-at="2024-05-21T14:08:04Z" name="testPizzaType" data-provider="pizza types" finished-at="2024-05-21T14:08:18Z" duration-ms="13881" status="PASS">
          <params>
            <param index="0">
              <value>
                <![CDATA[Small 6 Slices - no toppings]]>
              </value>
            </param>
            <param index="1">
              <value>
                <![CDATA[6.75]]>
              </value>
            </param>
          </params>
          <reporter-output>
          </reporter-output>
        </test-method> <!-- testPizzaType -->
        <test-method signature="testPizzaType(java.lang.String, java.lang.Double)[pri:1, instance:com.sample.tests.PositiveTest@e056f20]" started-at="2024-05-21T14:08:18Z" name="testPizzaType" data-provider="pizza types" finished-at="2024-05-21T14:08:31Z" duration-ms="13403" status="PASS">
          <params>
            <param index="0">
              <value>
                <![CDATA[Small 6 Slices - 1 topping]]>
              </value>
            </param>
            <param index="1">
              <value>
                <![CDATA[7.5]]>
              </value>
            </param>
          </params>
          <reporter-output>
          </reporter-output>
        </test-method> <!-- testPizzaType -->
        <test-method signature="testPizzaType(java.lang.String, java.lang.Double)[pri:1, instance:com.sample.tests.PositiveTest@e056f20]" started-at="2024-05-21T14:08:31Z" name="testPizzaType" data-provider="pizza types" finished-at="2024-05-21T14:08:45Z" duration-ms="13181" status="PASS">
          <params>
            <param index="0">
              <value>
                <![CDATA[Medium 8 Slices - 2 toppings]]>
              </value>
            </param>
            <param index="1">
              <value>
                <![CDATA[9.75]]>
              </value>
            </param>
          </params>
          <reporter-output>
          </reporter-output>
        </test-method> <!-- testPizzaType -->
        <test-method signature="testPizzaType(java.lang.String, java.lang.Double)[pri:1, instance:com.sample.tests.PositiveTest@e056f20]" started-at="2024-05-21T14:08:45Z" name="testPizzaType" data-provider="pizza types" finished-at="2024-05-21T14:08:58Z" duration-ms="13263" status="PASS">
          <params>
            <param index="0">
              <value>
                <![CDATA[Large 10 Slices - no toppings]]>
              </value>
            </param>
            <param index="1">
              <value>
                <![CDATA[11.75]]>
              </value>
            </param>
          </params>
          <reporter-output>
          </reporter-output>
        </test-method> <!-- testPizzaType -->
        <test-method signature="testPizzaType(java.lang.String, java.lang.Double)[pri:1, instance:com.sample.tests.PositiveTest@e056f20]" started-at="2024-05-21T14:08:58Z" name="testPizzaType" data-provider="pizza types" finished-at="2024-05-21T14:09:11Z" duration-ms="13132" status="PASS">
          <params>
            <param index="0">
              <value>
                <![CDATA[Large 10 Slices - 2 toppings]]>
              </value>
            </param>
            <param index="1">
              <value>
                <![CDATA[13.5]]>
              </value>
            </param>
          </params>
          <reporter-output>
          </reporter-output>
        </test-method> <!-- testPizzaType -->
        <test-method is-config="true" signature="tearDown()[pri:0, instance:com.sample.tests.PositiveTest@e056f20]" started-at="2024-05-21T14:09:11Z" name="tearDown" finished-at="2024-05-21T14:09:11Z" duration-ms="420" status="PASS">
          <reporter-output>
          </reporter-output>
        </test-method> <!-- tearDown -->
      </class> <!-- com.sample.tests.PositiveTest -->
    </test> <!-- Verify logo presence -->
  </suite> <!-- Pizza Test -->
</testng-results>
